# JRE version: OpenJDK Runtime Environment (11.0.10) (build 11.0.10+0-b96-7249189)
# Java VM: OpenJDK 64-Bit Server VM (11.0.10+0-b96-7249189, mixed mode, tiered, compressed oops, g1 gc, windows-amd64)
Heap:
 garbage-first heap   total 440320K, used 209088K [0x0000000080000000, 0x0000000100000000)
  region size 1024K, 2 young (2048K), 2 survivors (2048K)
 Metaspace       used 98482K, capacity 100820K, committed 101068K, reserved 1136640K
  class space    used 12855K, capacity 13740K, committed 13772K, reserved 1048576K
GC Heap History (20 events):
Event: 23.064 GC heap after
{Heap after GC invocations=30 (full 0):
 garbage-first heap   total 264192K, used 171008K [0x0000000080000000, 0x0000000100000000)
  region size 1024K, 3 young (3072K), 3 survivors (3072K)
 Metaspace       used 94731K, capacity 96925K, committed 97228K, reserved 1132544K
  class space    used 12352K, capacity 13167K, committed 13260K, reserved 1048576K
}
Event: 23.597 GC heap before
{Heap before GC invocations=31 (full 0):
 garbage-first heap   total 264192K, used 200704K [0x0000000080000000, 0x0000000100000000)
  region size 1024K, 32 young (32768K), 3 survivors (3072K)
 Metaspace       used 94738K, capacity 96989K, committed 97228K, reserved 1132544K
  class space    used 12352K, capacity 13167K, committed 13260K, reserved 1048576K
}
Event: 23.617 GC heap after
{Heap after GC invocations=32 (full 0):
 garbage-first heap   total 264192K, used 186368K [0x0000000080000000, 0x0000000100000000)
  region size 1024K, 4 young (4096K), 4 survivors (4096K)
 Metaspace       used 94738K, capacity 96989K, committed 97228K, reserved 1132544K
  class space    used 12352K, capacity 13167K, committed 13260K, reserved 1048576K
}
Event: 23.780 GC heap before
{Heap before GC invocations=32 (full 0):
 garbage-first heap   total 264192K, used 208896K [0x0000000080000000, 0x0000000100000000)
  region size 1024K, 27 young (27648K), 4 survivors (4096K)
 Metaspace       used 94740K, capacity 96989K, committed 97228K, reserved 1132544K
  class space    used 12352K, capacity 13167K, committed 13260K, reserved 1048576K
}
Event: 23.797 GC heap after
{Heap after GC invocations=33 (full 0):
 garbage-first heap   total 264192K, used 199168K [0x0000000080000000, 0x0000000100000000)
  region size 1024K, 4 young (4096K), 4 survivors (4096K)
 Metaspace       used 94740K, capacity 96989K, committed 97228K, reserved 1132544K
  class space    used 12352K, capacity 13167K, committed 13260K, reserved 1048576K
}
Event: 24.575 GC heap before
{Heap before GC invocations=33 (full 0):
 garbage-first heap   total 264192K, used 215552K [0x0000000080000000, 0x0000000100000000)
  region size 1024K, 21 young (21504K), 4 survivors (4096K)
 Metaspace       used 96496K, capacity 98677K, committed 99020K, reserved 1134592K
  class space    used 12605K, capacity 13425K, committed 13516K, reserved 1048576K
}
Event: 24.594 GC heap after
{Heap after GC invocations=34 (full 0):
 garbage-first heap   total 264192K, used 204800K [0x0000000080000000, 0x0000000100000000)
  region size 1024K, 3 young (3072K), 3 survivors (3072K)
 Metaspace       used 96496K, capacity 98677K, committed 99020K, reserved 1134592K
  class space    used 12605K, capacity 13425K, committed 13516K, reserved 1048576K
}
Event: 24.728 GC heap before
{Heap before GC invocations=35 (full 0):
 garbage-first heap   total 264192K, used 220160K [0x0000000080000000, 0x0000000100000000)
  region size 1024K, 19 young (19456K), 3 survivors (3072K)
 Metaspace       used 96585K, capacity 98784K, committed 99020K, reserved 1134592K
  class space    used 12615K, capacity 13435K, committed 13516K, reserved 1048576K
}
Event: 24.744 GC heap after
{Heap after GC invocations=36 (full 0):
 garbage-first heap   total 264192K, used 208218K [0x0000000080000000, 0x0000000100000000)
  region size 1024K, 3 young (3072K), 3 survivors (3072K)
 Metaspace       used 96585K, capacity 98784K, committed 99020K, reserved 1134592K
  class space    used 12615K, capacity 13435K, committed 13516K, reserved 1048576K
}
Event: 25.233 GC heap before
{Heap before GC invocations=36 (full 0):
 garbage-first heap   total 264192K, used 222554K [0x0000000080000000, 0x0000000100000000)
  region size 1024K, 18 young (18432K), 3 survivors (3072K)
 Metaspace       used 97137K, capacity 99549K, committed 99660K, reserved 1134592K
  class space    used 12707K, capacity 13585K, committed 13644K, reserved 1048576K
}
Event: 25.249 GC heap after
{Heap after GC invocations=37 (full 0):
 garbage-first heap   total 317440K, used 210695K [0x0000000080000000, 0x0000000100000000)
  region size 1024K, 3 young (3072K), 3 survivors (3072K)
 Metaspace       used 97137K, capacity 99549K, committed 99660K, reserved 1134592K
  class space    used 12707K, capacity 13585K, committed 13644K, reserved 1048576K
}
Event: 26.046 GC heap before
{Heap before GC invocations=38 (full 0):
 garbage-first heap   total 317440K, used 232199K [0x0000000080000000, 0x0000000100000000)
  region size 1024K, 35 young (35840K), 3 survivors (3072K)
 Metaspace       used 97597K, capacity 100017K, committed 100300K, reserved 1136640K
  class space    used 12763K, capacity 13651K, committed 13772K, reserved 1048576K
}
Event: 26.054 GC heap after
{Heap after GC invocations=39 (full 0):
 garbage-first heap   total 317440K, used 202041K [0x0000000080000000, 0x0000000100000000)
  region size 1024K, 5 young (5120K), 5 survivors (5120K)
 Metaspace       used 97597K, capacity 100017K, committed 100300K, reserved 1136640K
  class space    used 12763K, capacity 13651K, committed 13772K, reserved 1048576K
}
Event: 26.235 GC heap before
{Heap before GC invocations=39 (full 0):
 garbage-first heap   total 317440K, used 212281K [0x0000000080000000, 0x0000000100000000)
  region size 1024K, 15 young (15360K), 5 survivors (5120K)
 Metaspace       used 97680K, capacity 100097K, committed 100300K, reserved 1136640K
  class space    used 12769K, capacity 13652K, committed 13772K, reserved 1048576K
}
Event: 26.271 GC heap after
{Heap after GC invocations=40 (full 0):
 garbage-first heap   total 317440K, used 193802K [0x0000000080000000, 0x0000000100000000)
  region size 1024K, 2 young (2048K), 2 survivors (2048K)
 Metaspace       used 97680K, capacity 100097K, committed 100300K, reserved 1136640K
  class space    used 12769K, capacity 13652K, committed 13772K, reserved 1048576K
}
Event: 26.387 GC heap before
{Heap before GC invocations=40 (full 0):
 garbage-first heap   total 317440K, used 203018K [0x0000000080000000, 0x0000000100000000)
  region size 1024K, 12 young (12288K), 2 survivors (2048K)
 Metaspace       used 97690K, capacity 100098K, committed 100300K, reserved 1136640K
  class space    used 12769K, capacity 13652K, committed 13772K, reserved 1048576K
}
Event: 26.404 GC heap after
{Heap after GC invocations=41 (full 0):
 garbage-first heap   total 317440K, used 194103K [0x0000000080000000, 0x0000000100000000)
  region size 1024K, 2 young (2048K), 2 survivors (2048K)
 Metaspace       used 97690K, capacity 100098K, committed 100300K, reserved 1136640K
  class space    used 12769K, capacity 13652K, committed 13772K, reserved 1048576K
}
Event: 27.457 GC heap before
{Heap before GC invocations=42 (full 0):
 garbage-first heap   total 317440K, used 245303K [0x0000000080000000, 0x0000000100000000)
  region size 1024K, 46 young (47104K), 2 survivors (2048K)
 Metaspace       used 97888K, capacity 100298K, committed 100556K, reserved 1136640K
  class space    used 12788K, capacity 13695K, committed 13772K, reserved 1048576K
}
Event: 27.474 GC heap after
{Heap after GC invocations=43 (full 0):
 garbage-first heap   total 317440K, used 204638K [0x0000000080000000, 0x0000000100000000)
  region size 1024K, 6 young (6144K), 6 survivors (6144K)
 Metaspace       used 97888K, capacity 100298K, committed 100556K, reserved 1136640K
  class space    used 12788K, capacity 13695K, committed 13772K, reserved 1048576K
}
Event: 27.768 GC heap before
{Heap before GC invocations=43 (full 0):
 garbage-first heap   total 317440K, used 216926K [0x0000000080000000, 0x0000000100000000)
  region size 1024K, 15 young (15360K), 6 survivors (6144K)
 Metaspace       used 98482K, capacity 100820K, committed 101068K, reserved 1136640K
  class space    used 12855K, capacity 13740K, committed 13772K, reserved 1048576K
}

