# JRE version: OpenJDK Runtime Environment (11.0.10) (build 11.0.10+0-b96-7249189)
# Java VM: OpenJDK 64-Bit Server VM (11.0.10+0-b96-7249189, mixed mode, tiered, compressed oops, g1 gc, windows-amd64)
Heap:
 garbage-first heap   total 409600K, used 205408K [0x0000000080000000, 0x0000000100000000)
  region size 1024K, 3 young (3072K), 3 survivors (3072K)
 Metaspace       used 97373K, capacity 99729K, committed 99968K, reserved 1136640K
  class space    used 12750K, capacity 13644K, committed 13696K, reserved 1048576K
GC Heap History (20 events):
Event: 14.384 GC heap after
{Heap after GC invocations=21 (full 0):
 garbage-first heap   total 220160K, used 78978K [0x0000000080000000, 0x0000000100000000)
  region size 1024K, 12 young (12288K), 12 survivors (12288K)
 Metaspace       used 83583K, capacity 85589K, committed 85632K, reserved 1124352K
  class space    used 10867K, capacity 11623K, committed 11648K, reserved 1048576K
}
Event: 15.439 GC heap before
{Heap before GC invocations=21 (full 0):
 garbage-first heap   total 220160K, used 160898K [0x0000000080000000, 0x0000000100000000)
  region size 1024K, 93 young (95232K), 12 survivors (12288K)
 Metaspace       used 84381K, capacity 86510K, committed 86784K, reserved 1124352K
  class space    used 10924K, capacity 11714K, committed 11776K, reserved 1048576K
}
Event: 15.462 GC heap after
{Heap after GC invocations=22 (full 0):
 garbage-first heap   total 220160K, used 83486K [0x0000000080000000, 0x0000000100000000)
  region size 1024K, 7 young (7168K), 7 survivors (7168K)
 Metaspace       used 84381K, capacity 86510K, committed 86784K, reserved 1124352K
  class space    used 10924K, capacity 11714K, committed 11776K, reserved 1048576K
}
Event: 16.190 GC heap before
{Heap before GC invocations=22 (full 0):
 garbage-first heap   total 220160K, used 166430K [0x0000000080000000, 0x0000000100000000)
  region size 1024K, 89 young (91136K), 7 survivors (7168K)
 Metaspace       used 87148K, capacity 89315K, committed 89472K, reserved 1126400K
  class space    used 11239K, capacity 12046K, committed 12160K, reserved 1048576K
}
Event: 16.202 GC heap after
{Heap after GC invocations=23 (full 0):
 garbage-first heap   total 220160K, used 86777K [0x0000000080000000, 0x0000000100000000)
  region size 1024K, 6 young (6144K), 6 survivors (6144K)
 Metaspace       used 87148K, capacity 89315K, committed 89472K, reserved 1126400K
  class space    used 11239K, capacity 12046K, committed 12160K, reserved 1048576K
}
Event: 16.756 GC heap before
{Heap before GC invocations=23 (full 0):
 garbage-first heap   total 220160K, used 168697K [0x0000000080000000, 0x0000000100000000)
  region size 1024K, 87 young (89088K), 6 survivors (6144K)
 Metaspace       used 88971K, capacity 91129K, committed 91392K, reserved 1128448K
  class space    used 11450K, capacity 12241K, committed 12288K, reserved 1048576K
}
Event: 16.768 GC heap after
{Heap after GC invocations=24 (full 0):
 garbage-first heap   total 220160K, used 90053K [0x0000000080000000, 0x0000000100000000)
  region size 1024K, 9 young (9216K), 9 survivors (9216K)
 Metaspace       used 88971K, capacity 91129K, committed 91392K, reserved 1128448K
  class space    used 11450K, capacity 12241K, committed 12288K, reserved 1048576K
}
Event: 17.481 GC heap before
{Heap before GC invocations=24 (full 0):
 garbage-first heap   total 220160K, used 159685K [0x0000000080000000, 0x0000000100000000)
  region size 1024K, 62 young (63488K), 9 survivors (9216K)
 Metaspace       used 92494K, capacity 94641K, committed 94976K, reserved 1132544K
  class space    used 11922K, capacity 12710K, committed 12800K, reserved 1048576K
}
Event: 17.501 GC heap after
{Heap after GC invocations=25 (full 0):
 garbage-first heap   total 220160K, used 112278K [0x0000000080000000, 0x0000000100000000)
  region size 1024K, 12 young (12288K), 12 survivors (12288K)
 Metaspace       used 92494K, capacity 94641K, committed 94976K, reserved 1132544K
  class space    used 11922K, capacity 12710K, committed 12800K, reserved 1048576K
}
Event: 17.947 GC heap before
{Heap before GC invocations=26 (full 0):
 garbage-first heap   total 220160K, used 168598K [0x0000000080000000, 0x0000000100000000)
  region size 1024K, 53 young (54272K), 12 survivors (12288K)
 Metaspace       used 92568K, capacity 94602K, committed 94976K, reserved 1132544K
  class space    used 11892K, capacity 12649K, committed 12800K, reserved 1048576K
}
Event: 18.015 GC heap after
{Heap after GC invocations=27 (full 0):
 garbage-first heap   total 220160K, used 137059K [0x0000000080000000, 0x0000000100000000)
  region size 1024K, 10 young (10240K), 10 survivors (10240K)
 Metaspace       used 92568K, capacity 94602K, committed 94976K, reserved 1132544K
  class space    used 11892K, capacity 12649K, committed 12800K, reserved 1048576K
}
Event: 18.604 GC heap before
{Heap before GC invocations=28 (full 0):
 garbage-first heap   total 220160K, used 175971K [0x0000000080000000, 0x0000000100000000)
  region size 1024K, 47 young (48128K), 10 survivors (10240K)
 Metaspace       used 94716K, capacity 96897K, committed 97280K, reserved 1132544K
  class space    used 12359K, capacity 13157K, committed 13312K, reserved 1048576K
}
Event: 18.638 GC heap after
{Heap after GC invocations=29 (full 0):
 garbage-first heap   total 279552K, used 153588K [0x0000000080000000, 0x0000000100000000)
  region size 1024K, 6 young (6144K), 6 survivors (6144K)
 Metaspace       used 94716K, capacity 96897K, committed 97280K, reserved 1132544K
  class space    used 12359K, capacity 13157K, committed 13312K, reserved 1048576K
}
Event: 18.886 GC heap before
{Heap before GC invocations=29 (full 0):
 garbage-first heap   total 279552K, used 204788K [0x0000000080000000, 0x0000000100000000)
  region size 1024K, 56 young (57344K), 6 survivors (6144K)
 Metaspace       used 94764K, capacity 96902K, committed 97280K, reserved 1132544K
  class space    used 12359K, capacity 13157K, committed 13312K, reserved 1048576K
}
Event: 18.975 GC heap after
{Heap after GC invocations=30 (full 0):
 garbage-first heap   total 279552K, used 179200K [0x0000000080000000, 0x0000000100000000)
  region size 1024K, 7 young (7168K), 7 survivors (7168K)
 Metaspace       used 94764K, capacity 96902K, committed 97280K, reserved 1132544K
  class space    used 12359K, capacity 13157K, committed 13312K, reserved 1048576K
}
Event: 19.244 GC heap before
{Heap before GC invocations=30 (full 0):
 garbage-first heap   total 279552K, used 216064K [0x0000000080000000, 0x0000000100000000)
  region size 1024K, 44 young (45056K), 7 survivors (7168K)
 Metaspace       used 94773K, capacity 96966K, committed 97280K, reserved 1132544K
  class space    used 12360K, capacity 13157K, committed 13312K, reserved 1048576K
}
Event: 19.271 GC heap after
{Heap after GC invocations=31 (full 0):
 garbage-first heap   total 279552K, used 197632K [0x0000000080000000, 0x0000000100000000)
  region size 1024K, 6 young (6144K), 6 survivors (6144K)
 Metaspace       used 94773K, capacity 96966K, committed 97280K, reserved 1132544K
  class space    used 12360K, capacity 13157K, committed 13312K, reserved 1048576K
}
Event: 19.894 GC heap before
{Heap before GC invocations=32 (full 0):
 garbage-first heap   total 279552K, used 223232K [0x0000000080000000, 0x0000000100000000)
  region size 1024K, 32 young (32768K), 6 survivors (6144K)
 Metaspace       used 96647K, capacity 98800K, committed 99072K, reserved 1134592K
  class space    used 12632K, capacity 13441K, committed 13568K, reserved 1048576K
}
Event: 19.917 GC heap after
{Heap after GC invocations=33 (full 0):
 garbage-first heap   total 279552K, used 202752K [0x0000000080000000, 0x0000000100000000)
  region size 1024K, 4 young (4096K), 4 survivors (4096K)
 Metaspace       used 96647K, capacity 98800K, committed 99072K, reserved 1134592K
  class space    used 12632K, capacity 13441K, committed 13568K, reserved 1048576K
}
Event: 20.341 GC heap before
{Heap before GC invocations=33 (full 0):
 garbage-first heap   total 279552K, used 227328K [0x0000000080000000, 0x0000000100000000)
  region size 1024K, 29 young (29696K), 4 survivors (4096K)
 Metaspace       used 97373K, capacity 99729K, committed 99968K, reserved 1136640K
  class space    used 12750K, capacity 13644K, committed 13696K, reserved 1048576K
}

