# JRE version: OpenJDK Runtime Environment (11.0.10) (build 11.0.10+0-b96-7249189)
# Java VM: OpenJDK 64-Bit Server VM (11.0.10+0-b96-7249189, mixed mode, tiered, compressed oops, g1 gc, windows-amd64)
Heap:
 garbage-first heap   total 353280K, used 223530K [0x0000000080000000, 0x0000000100000000)
  region size 1024K, 2 young (2048K), 2 survivors (2048K)
 Metaspace       used 153307K, capacity 159309K, committed 159608K, reserved 1187840K
  class space    used 18943K, capacity 21038K, committed 21144K, reserved 1048576K
GC Heap History (20 events):
Event: 3919.901 GC heap after
{Heap after GC invocations=279 (full 0):
 garbage-first heap   total 233472K, used 156994K [0x0000000080000000, 0x0000000100000000)
  region size 1024K, 2 young (2048K), 2 survivors (2048K)
 Metaspace       used 153066K, capacity 159075K, committed 159352K, reserved 1187840K
  class space    used 18927K, capacity 21004K, committed 21144K, reserved 1048576K
}
Event: 3920.201 GC heap before
{Heap before GC invocations=279 (full 0):
 garbage-first heap   total 233472K, used 178498K [0x0000000080000000, 0x0000000100000000)
  region size 1024K, 25 young (25600K), 2 survivors (2048K)
 Metaspace       used 153066K, capacity 159075K, committed 159352K, reserved 1187840K
  class space    used 18927K, capacity 21004K, committed 21144K, reserved 1048576K
}
Event: 3920.247 GC heap after
{Heap after GC invocations=280 (full 0):
 garbage-first heap   total 233472K, used 166912K [0x0000000080000000, 0x0000000100000000)
  region size 1024K, 5 young (5120K), 5 survivors (5120K)
 Metaspace       used 153066K, capacity 159075K, committed 159352K, reserved 1187840K
  class space    used 18927K, capacity 21004K, committed 21144K, reserved 1048576K
}
Event: 3920.432 GC heap before
{Heap before GC invocations=280 (full 0):
 garbage-first heap   total 233472K, used 192512K [0x0000000080000000, 0x0000000100000000)
  region size 1024K, 28 young (28672K), 5 survivors (5120K)
 Metaspace       used 153188K, capacity 159177K, committed 159352K, reserved 1187840K
  class space    used 18938K, capacity 21038K, committed 21144K, reserved 1048576K
}
Event: 3920.460 GC heap after
{Heap after GC invocations=281 (full 0):
 garbage-first heap   total 233472K, used 179508K [0x0000000080000000, 0x0000000100000000)
  region size 1024K, 4 young (4096K), 4 survivors (4096K)
 Metaspace       used 153188K, capacity 159177K, committed 159352K, reserved 1187840K
  class space    used 18938K, capacity 21038K, committed 21144K, reserved 1048576K
}
Event: 3920.567 GC heap before
{Heap before GC invocations=281 (full 0):
 garbage-first heap   total 233472K, used 193844K [0x0000000080000000, 0x0000000100000000)
  region size 1024K, 19 young (19456K), 4 survivors (4096K)
 Metaspace       used 153217K, capacity 159243K, committed 159352K, reserved 1187840K
  class space    used 18938K, capacity 21038K, committed 21144K, reserved 1048576K
}
Event: 3920.590 GC heap after
{Heap after GC invocations=282 (full 0):
 garbage-first heap   total 233472K, used 188416K [0x0000000080000000, 0x0000000100000000)
  region size 1024K, 3 young (3072K), 3 survivors (3072K)
 Metaspace       used 153217K, capacity 159243K, committed 159352K, reserved 1187840K
  class space    used 18938K, capacity 21038K, committed 21144K, reserved 1048576K
}
Event: 3920.625 GC heap before
{Heap before GC invocations=282 (full 0):
 garbage-first heap   total 233472K, used 198656K [0x0000000080000000, 0x0000000100000000)
  region size 1024K, 13 young (13312K), 3 survivors (3072K)
 Metaspace       used 153221K, capacity 159243K, committed 159352K, reserved 1187840K
  class space    used 18938K, capacity 21038K, committed 21144K, reserved 1048576K
}
Event: 3920.640 GC heap after
{Heap after GC invocations=283 (full 0):
 garbage-first heap   total 233472K, used 194434K [0x0000000080000000, 0x0000000100000000)
  region size 1024K, 2 young (2048K), 2 survivors (2048K)
 Metaspace       used 153221K, capacity 159243K, committed 159352K, reserved 1187840K
  class space    used 18938K, capacity 21038K, committed 21144K, reserved 1048576K
}
Event: 3920.678 GC heap before
{Heap before GC invocations=283 (full 0):
 garbage-first heap   total 233472K, used 203650K [0x0000000080000000, 0x0000000100000000)
  region size 1024K, 11 young (11264K), 2 survivors (2048K)
 Metaspace       used 153232K, capacity 159245K, committed 159352K, reserved 1187840K
  class space    used 18938K, capacity 21038K, committed 21144K, reserved 1048576K
}
Event: 3920.690 GC heap after
{Heap after GC invocations=284 (full 0):
 garbage-first heap   total 233472K, used 199333K [0x0000000080000000, 0x0000000100000000)
  region size 1024K, 2 young (2048K), 2 survivors (2048K)
 Metaspace       used 153232K, capacity 159245K, committed 159352K, reserved 1187840K
  class space    used 18938K, capacity 21038K, committed 21144K, reserved 1048576K
}
Event: 3920.724 GC heap before
{Heap before GC invocations=284 (full 0):
 garbage-first heap   total 233472K, used 208549K [0x0000000080000000, 0x0000000100000000)
  region size 1024K, 11 young (11264K), 2 survivors (2048K)
 Metaspace       used 153237K, capacity 159245K, committed 159352K, reserved 1187840K
  class space    used 18938K, capacity 21038K, committed 21144K, reserved 1048576K
}
Event: 3920.734 GC heap after
{Heap after GC invocations=285 (full 0):
 garbage-first heap   total 233472K, used 204546K [0x0000000080000000, 0x0000000100000000)
  region size 1024K, 2 young (2048K), 2 survivors (2048K)
 Metaspace       used 153237K, capacity 159245K, committed 159352K, reserved 1187840K
  class space    used 18938K, capacity 21038K, committed 21144K, reserved 1048576K
}
Event: 3920.765 GC heap before
{Heap before GC invocations=286 (full 0):
 garbage-first heap   total 233472K, used 213762K [0x0000000080000000, 0x0000000100000000)
  region size 1024K, 11 young (11264K), 2 survivors (2048K)
 Metaspace       used 153244K, capacity 159245K, committed 159352K, reserved 1187840K
  class space    used 18938K, capacity 21038K, committed 21144K, reserved 1048576K
}
Event: 3920.776 GC heap after
{Heap after GC invocations=287 (full 0):
 garbage-first heap   total 233472K, used 209873K [0x0000000080000000, 0x0000000100000000)
  region size 1024K, 2 young (2048K), 2 survivors (2048K)
 Metaspace       used 153244K, capacity 159245K, committed 159352K, reserved 1187840K
  class space    used 18938K, capacity 21038K, committed 21144K, reserved 1048576K
}
Event: 3920.802 GC heap before
{Heap before GC invocations=287 (full 0):
 garbage-first heap   total 233472K, used 219089K [0x0000000080000000, 0x0000000100000000)
  region size 1024K, 11 young (11264K), 2 survivors (2048K)
 Metaspace       used 153274K, capacity 159245K, committed 159352K, reserved 1187840K
  class space    used 18941K, capacity 21038K, committed 21144K, reserved 1048576K
}
Event: 3920.817 GC heap after
{Heap after GC invocations=288 (full 0):
 garbage-first heap   total 233472K, used 212268K [0x0000000080000000, 0x0000000100000000)
  region size 1024K, 2 young (2048K), 2 survivors (2048K)
 Metaspace       used 153274K, capacity 159245K, committed 159352K, reserved 1187840K
  class space    used 18941K, capacity 21038K, committed 21144K, reserved 1048576K
}
Event: 3920.847 GC heap before
{Heap before GC invocations=288 (full 0):
 garbage-first heap   total 233472K, used 222508K [0x0000000080000000, 0x0000000100000000)
  region size 1024K, 12 young (12288K), 2 survivors (2048K)
 Metaspace       used 153277K, capacity 159309K, committed 159608K, reserved 1187840K
  class space    used 18941K, capacity 21038K, committed 21144K, reserved 1048576K
}
Event: 3920.861 GC heap after
{Heap after GC invocations=289 (full 0):
 garbage-first heap   total 233472K, used 218112K [0x0000000080000000, 0x0000000100000000)
  region size 1024K, 2 young (2048K), 2 survivors (2048K)
 Metaspace       used 153277K, capacity 159309K, committed 159608K, reserved 1187840K
  class space    used 18941K, capacity 21038K, committed 21144K, reserved 1048576K
}
Event: 3920.902 GC heap before
{Heap before GC invocations=289 (full 0):
 garbage-first heap   total 233472K, used 227328K [0x0000000080000000, 0x0000000100000000)
  region size 1024K, 11 young (11264K), 2 survivors (2048K)
 Metaspace       used 153307K, capacity 159309K, committed 159608K, reserved 1187840K
  class space    used 18943K, capacity 21038K, committed 21144K, reserved 1048576K
}

