# JRE version: OpenJDK Runtime Environment (11.0.10) (build 11.0.10+0-b96-7249189)
# Java VM: OpenJDK 64-Bit Server VM (11.0.10+0-b96-7249189, mixed mode, tiered, compressed oops, g1 gc, windows-amd64)
Heap:
 garbage-first heap   total 400384K, used 206321K [0x0000000080000000, 0x0000000100000000)
  region size 1024K, 3 young (3072K), 3 survivors (3072K)
 Metaspace       used 98383K, capacity 100623K, committed 100708K, reserved 1136640K
  class space    used 12839K, capacity 13674K, committed 13696K, reserved 1048576K
GC Heap History (20 events):
Event: 13.595 GC heap after
{Heap after GC invocations=22 (full 0):
 garbage-first heap   total 220160K, used 79268K [0x0000000080000000, 0x0000000100000000)
  region size 1024K, 12 young (12288K), 12 survivors (12288K)
 Metaspace       used 83910K, capacity 85998K, committed 86244K, reserved 1124352K
  class space    used 10880K, capacity 11664K, committed 11776K, reserved 1048576K
}
Event: 14.667 GC heap before
{Heap before GC invocations=22 (full 0):
 garbage-first heap   total 220160K, used 167332K [0x0000000080000000, 0x0000000100000000)
  region size 1024K, 99 young (101376K), 12 survivors (12288K)
 Metaspace       used 87964K, capacity 90087K, committed 90212K, reserved 1128448K
  class space    used 11342K, capacity 12112K, committed 12160K, reserved 1048576K
}
Event: 14.687 GC heap after
{Heap after GC invocations=23 (full 0):
 garbage-first heap   total 220160K, used 83865K [0x0000000080000000, 0x0000000100000000)
  region size 1024K, 6 young (6144K), 6 survivors (6144K)
 Metaspace       used 87964K, capacity 90087K, committed 90212K, reserved 1128448K
  class space    used 11342K, capacity 12112K, committed 12160K, reserved 1048576K
}
Event: 15.470 GC heap before
{Heap before GC invocations=23 (full 0):
 garbage-first heap   total 220160K, used 170905K [0x0000000080000000, 0x0000000100000000)
  region size 1024K, 92 young (94208K), 6 survivors (6144K)
 Metaspace       used 90438K, capacity 92493K, committed 92516K, reserved 1130496K
  class space    used 11624K, capacity 12410K, committed 12416K, reserved 1048576K
}
Event: 15.481 GC heap after
{Heap after GC invocations=24 (full 0):
 garbage-first heap   total 220160K, used 87882K [0x0000000080000000, 0x0000000100000000)
  region size 1024K, 10 young (10240K), 10 survivors (10240K)
 Metaspace       used 90438K, capacity 92493K, committed 92516K, reserved 1130496K
  class space    used 11624K, capacity 12410K, committed 12416K, reserved 1048576K
}
Event: 16.261 GC heap before
{Heap before GC invocations=24 (full 0):
 garbage-first heap   total 220160K, used 185162K [0x0000000080000000, 0x0000000100000000)
  region size 1024K, 95 young (97280K), 10 survivors (10240K)
 Metaspace       used 92890K, capacity 95086K, committed 95204K, reserved 1132544K
  class space    used 11949K, capacity 12727K, committed 12800K, reserved 1048576K
}
Event: 16.275 GC heap after
{Heap after GC invocations=25 (full 0):
 garbage-first heap   total 220160K, used 107140K [0x0000000080000000, 0x0000000100000000)
  region size 1024K, 11 young (11264K), 11 survivors (11264K)
 Metaspace       used 92890K, capacity 95086K, committed 95204K, reserved 1132544K
  class space    used 11949K, capacity 12727K, committed 12800K, reserved 1048576K
}
Event: 16.348 GC heap before
{Heap before GC invocations=25 (full 0):
 garbage-first heap   total 220160K, used 120452K [0x0000000080000000, 0x0000000100000000)
  region size 1024K, 23 young (23552K), 11 survivors (11264K)
 Metaspace       used 93551K, capacity 95711K, committed 95844K, reserved 1132544K
  class space    used 12052K, capacity 12847K, committed 12928K, reserved 1048576K
}
Event: 16.355 GC heap after
{Heap after GC invocations=26 (full 0):
 garbage-first heap   total 220160K, used 110449K [0x0000000080000000, 0x0000000100000000)
  region size 1024K, 2 young (2048K), 2 survivors (2048K)
 Metaspace       used 93551K, capacity 95711K, committed 95844K, reserved 1132544K
  class space    used 12052K, capacity 12847K, committed 12928K, reserved 1048576K
}
Event: 16.672 GC heap before
{Heap before GC invocations=27 (full 0):
 garbage-first heap   total 220160K, used 177009K [0x0000000080000000, 0x0000000100000000)
  region size 1024K, 49 young (50176K), 2 survivors (2048K)
 Metaspace       used 94141K, capacity 96274K, committed 96740K, reserved 1132544K
  class space    used 12084K, capacity 12873K, committed 13056K, reserved 1048576K
}
Event: 16.712 GC heap after
{Heap after GC invocations=28 (full 0):
 garbage-first heap   total 220160K, used 137216K [0x0000000080000000, 0x0000000100000000)
  region size 1024K, 9 young (9216K), 9 survivors (9216K)
 Metaspace       used 94141K, capacity 96274K, committed 96740K, reserved 1132544K
  class space    used 12084K, capacity 12873K, committed 13056K, reserved 1048576K
}
Event: 17.383 GC heap before
{Heap before GC invocations=29 (full 0):
 garbage-first heap   total 220160K, used 179200K [0x0000000080000000, 0x0000000100000000)
  region size 1024K, 48 young (49152K), 9 survivors (9216K)
 Metaspace       used 96421K, capacity 98542K, committed 98916K, reserved 1134592K
  class space    used 12562K, capacity 13351K, committed 13440K, reserved 1048576K
}
Event: 17.419 GC heap after
{Heap after GC invocations=30 (full 0):
 garbage-first heap   total 264192K, used 154432K [0x0000000080000000, 0x0000000100000000)
  region size 1024K, 6 young (6144K), 6 survivors (6144K)
 Metaspace       used 96421K, capacity 98542K, committed 98916K, reserved 1134592K
  class space    used 12562K, capacity 13351K, committed 13440K, reserved 1048576K
}
Event: 17.830 GC heap before
{Heap before GC invocations=30 (full 0):
 garbage-first heap   total 264192K, used 200512K [0x0000000080000000, 0x0000000100000000)
  region size 1024K, 52 young (53248K), 6 survivors (6144K)
 Metaspace       used 96466K, capacity 98611K, committed 98916K, reserved 1134592K
  class space    used 12562K, capacity 13351K, committed 13440K, reserved 1048576K
}
Event: 17.911 GC heap after
{Heap after GC invocations=31 (full 0):
 garbage-first heap   total 264192K, used 178176K [0x0000000080000000, 0x0000000100000000)
  region size 1024K, 7 young (7168K), 7 survivors (7168K)
 Metaspace       used 96466K, capacity 98611K, committed 98916K, reserved 1134592K
  class space    used 12562K, capacity 13351K, committed 13440K, reserved 1048576K
}
Event: 18.335 GC heap before
{Heap before GC invocations=31 (full 0):
 garbage-first heap   total 264192K, used 209920K [0x0000000080000000, 0x0000000100000000)
  region size 1024K, 38 young (38912K), 7 survivors (7168K)
 Metaspace       used 96490K, capacity 98611K, committed 98916K, reserved 1134592K
  class space    used 12562K, capacity 13351K, committed 13440K, reserved 1048576K
}
Event: 18.369 GC heap after
{Heap after GC invocations=32 (full 0):
 garbage-first heap   total 264192K, used 194560K [0x0000000080000000, 0x0000000100000000)
  region size 1024K, 5 young (5120K), 5 survivors (5120K)
 Metaspace       used 96490K, capacity 98611K, committed 98916K, reserved 1134592K
  class space    used 12562K, capacity 13351K, committed 13440K, reserved 1048576K
}
Event: 18.798 GC heap before
{Heap before GC invocations=33 (full 0):
 garbage-first heap   total 264192K, used 216064K [0x0000000080000000, 0x0000000100000000)
  region size 1024K, 26 young (26624K), 5 survivors (5120K)
 Metaspace       used 98273K, capacity 100519K, committed 100708K, reserved 1136640K
  class space    used 12826K, capacity 13663K, committed 13696K, reserved 1048576K
}
Event: 18.812 GC heap after
{Heap after GC invocations=34 (full 0):
 garbage-first heap   total 264192K, used 202240K [0x0000000080000000, 0x0000000100000000)
  region size 1024K, 4 young (4096K), 4 survivors (4096K)
 Metaspace       used 98273K, capacity 100519K, committed 100708K, reserved 1136640K
  class space    used 12826K, capacity 13663K, committed 13696K, reserved 1048576K
}
Event: 18.947 GC heap before
{Heap before GC invocations=34 (full 0):
 garbage-first heap   total 264192K, used 218624K [0x0000000080000000, 0x0000000100000000)
  region size 1024K, 21 young (21504K), 4 survivors (4096K)
 Metaspace       used 98383K, capacity 100623K, committed 100708K, reserved 1136640K
  class space    used 12839K, capacity 13674K, committed 13696K, reserved 1048576K
}

